org.eclipse.m2e.logback.configuration: The org.eclipse.m2e.logback.configuration bundle was activated before the state location was initialized.  Will retry after the state location is initialized.
org.eclipse.m2e.logback.configuration: Logback config file: /home/matheus/wokspaceSTS/.metadata/.plugins/org.eclipse.m2e.logback.configuration/logback.1.9.0.20180606-2036.xml
org.eclipse.m2e.logback.configuration: Initializing logback
Transformer WrapMethodCallScript failed on org/eclipse/jdt/core/dom/ASTConverter. Trace:
java.lang.UnsupportedOperationException: This feature requires ASM5
	at org.objectweb.asm.MethodVisitor.visitInvokeDynamicInsn(MethodVisitor.java:459)
	at org.objectweb.asm.ClassReader.readCode(ClassReader.java:2237)
	at org.objectweb.asm.ClassReader.readMethod(ClassReader.java:1274)
	at org.objectweb.asm.ClassReader.accept(ClassReader.java:679)
	at org.objectweb.asm.ClassReader.accept(ClassReader.java:391)
	at lombok.patcher.PatchScript.runASM(PatchScript.java:111)
	at lombok.patcher.scripts.MethodLevelPatchScript.patch(MethodLevelPatchScript.java:53)
	at lombok.patcher.ScriptManager$OurClassFileTransformer.transform(ScriptManager.java:106)
	at sun.instrument.TransformerManager.transform(TransformerManager.java:188)
	at sun.instrument.InstrumentationImpl.transform(InstrumentationImpl.java:428)
	at java.lang.ClassLoader.defineClass1(Native Method)
	at java.lang.ClassLoader.defineClass(ClassLoader.java:763)
	at org.eclipse.osgi.internal.loader.ModuleClassLoader.defineClass(ModuleClassLoader.java:276)
	at org.eclipse.osgi.internal.loader.classpath.ClasspathManager.defineClass(ClasspathManager.java:632)
	at org.eclipse.osgi.internal.loader.classpath.ClasspathManager.findClassImpl(ClasspathManager.java:555)
	at org.eclipse.osgi.internal.loader.classpath.ClasspathManager.findLocalClassImpl(ClasspathManager.java:514)
	at org.eclipse.osgi.internal.loader.classpath.ClasspathManager.findLocalClass(ClasspathManager.java:501)
	at org.eclipse.osgi.internal.loader.ModuleClassLoader.findLocalClass(ModuleClassLoader.java:328)
	at org.eclipse.osgi.internal.loader.BundleLoader.findLocalClass(BundleLoader.java:392)
	at org.eclipse.osgi.internal.loader.BundleLoader.findClassInternal(BundleLoader.java:470)
	at org.eclipse.osgi.internal.loader.BundleLoader.findClass(BundleLoader.java:419)
	at org.eclipse.osgi.internal.loader.BundleLoader.findClass(BundleLoader.java:411)
	at org.eclipse.osgi.internal.loader.ModuleClassLoader.loadClass(ModuleClassLoader.java:150)
	at java.lang.ClassLoader.loadClass(ClassLoader.java:411)
	at lombok.launch.ShadowClassLoader.loadClass(ShadowClassLoader.java:530)
	at java.lang.ClassLoader.loadClass(ClassLoader.java:357)
	at java.lang.Class.forName0(Native Method)
	at java.lang.Class.forName(Class.java:264)
	at lombok.eclipse.agent.PatchValEclipse$Reflection.<clinit>(PatchValEclipse.java:326)
	at lombok.eclipse.agent.PatchValEclipse.copyInitializationOfLocalDeclaration(PatchValEclipse.java:85)
	at sun.reflect.NativeMethodAccessorImpl.invoke0(Native Method)
	at sun.reflect.NativeMethodAccessorImpl.invoke(NativeMethodAccessorImpl.java:62)
	at sun.reflect.DelegatingMethodAccessorImpl.invoke(DelegatingMethodAccessorImpl.java:43)
	at java.lang.reflect.Method.invoke(Method.java:498)
	at lombok.eclipse.agent.PatchValEclipsePortal.copyInitializationOfLocalDeclaration(PatchValEclipsePortal.java:58)
	at sun.reflect.NativeMethodAccessorImpl.invoke0(Native Method)
	at sun.reflect.NativeMethodAccessorImpl.invoke(NativeMethodAccessorImpl.java:62)
	at sun.reflect.DelegatingMethodAccessorImpl.invoke(DelegatingMethodAccessorImpl.java:43)
	at java.lang.reflect.Method.invoke(Method.java:498)
	at lombok.launch.PatchFixesHider$Util.invokeMethod(PatchFixesHider.java:115)
	at lombok.launch.PatchFixesHider$ValPortal.copyInitializationOfLocalDeclaration(PatchFixesHider.java:224)
	at org.eclipse.jdt.internal.compiler.parser.Parser.consumeExitVariableWithInitialization(Parser.java:3973)
	at org.eclipse.jdt.internal.compiler.SourceElementParser.consumeExitVariableWithInitialization(SourceElementParser.java:382)
	at org.eclipse.jdt.internal.compiler.parser.Parser.consumeRule(Parser.java:6798)
	at org.eclipse.jdt.internal.compiler.parser.Parser.parse(Parser.java:11672)
	at org.eclipse.jdt.internal.compiler.parser.Parser.parse(Parser.java:12025)
	at org.eclipse.jdt.internal.compiler.ast.MethodDeclaration.parseStatements(MethodDeclaration.java:195)
	at org.eclipse.jdt.internal.compiler.ast.TypeDeclaration.parseMethods(TypeDeclaration.java:897)
	at org.eclipse.jdt.internal.compiler.parser.Parser.getMethodBodies(Parser.java:10705)
	at org.eclipse.jdt.internal.compiler.SourceElementParser.parseCompilationUnit(SourceElementParser.java:1041)
	at org.eclipse.jdt.internal.core.CompilationUnit.buildStructure(CompilationUnit.java:194)
	at org.eclipse.jdt.internal.core.Openable.generateInfos(Openable.java:265)
	at org.eclipse.jdt.internal.core.JavaElement.openWhenClosed(JavaElement.java:593)
	at org.eclipse.jdt.internal.core.BecomeWorkingCopyOperation.executeOperation(BecomeWorkingCopyOperation.java:40)
	at org.eclipse.jdt.internal.core.JavaModelOperation.run(JavaModelOperation.java:733)
	at org.eclipse.jdt.internal.core.JavaModelOperation.runOperation(JavaModelOperation.java:799)
	at org.eclipse.jdt.internal.core.CompilationUnit.becomeWorkingCopy(CompilationUnit.java:96)
	at org.eclipse.jdt.internal.ui.javaeditor.CompilationUnitDocumentProvider.createFileInfo(CompilationUnitDocumentProvider.java:1031)
	at org.eclipse.ui.editors.text.TextFileDocumentProvider.connect(TextFileDocumentProvider.java:478)
	at org.eclipse.jdt.internal.ui.javaeditor.CompilationUnitDocumentProvider.connect(CompilationUnitDocumentProvider.java:1274)
	at org.eclipse.ui.texteditor.AbstractTextEditor.doSetInput(AbstractTextEditor.java:4203)
	at org.eclipse.ui.texteditor.StatusTextEditor.doSetInput(StatusTextEditor.java:257)
	at org.eclipse.ui.texteditor.AbstractDecoratedTextEditor.doSetInput(AbstractDecoratedTextEditor.java:1473)
	at org.eclipse.jdt.internal.ui.javaeditor.JavaEditor.internalDoSetInput(JavaEditor.java:2570)
	at org.eclipse.jdt.internal.ui.javaeditor.JavaEditor.doSetInput(JavaEditor.java:2543)
	at org.eclipse.jdt.internal.ui.javaeditor.CompilationUnitEditor.doSetInput(CompilationUnitEditor.java:1420)
	at org.eclipse.ui.texteditor.AbstractTextEditor$5.run(AbstractTextEditor.java:3165)
	at org.eclipse.ui.internal.WorkbenchWindow.run(WorkbenchWindow.java:2154)
	at org.eclipse.ui.texteditor.AbstractTextEditor.internalInit(AbstractTextEditor.java:3183)
	at org.eclipse.ui.texteditor.AbstractTextEditor.init(AbstractTextEditor.java:3208)
	at org.eclipse.ui.internal.EditorReference.initialize(EditorReference.java:362)
	at org.eclipse.ui.internal.e4.compatibility.CompatibilityPart.create(CompatibilityPart.java:342)
	at sun.reflect.NativeMethodAccessorImpl.invoke0(Native Method)
	at sun.reflect.NativeMethodAccessorImpl.invoke(NativeMethodAccessorImpl.java:62)
	at sun.reflect.DelegatingMethodAccessorImpl.invoke(DelegatingMethodAccessorImpl.java:43)
	at java.lang.reflect.Method.invoke(Method.java:498)
	at org.eclipse.e4.core.internal.di.MethodRequestor.execute(MethodRequestor.java:55)
	at org.eclipse.e4.core.internal.di.InjectorImpl.processAnnotated(InjectorImpl.java:1005)
	at org.eclipse.e4.core.internal.di.InjectorImpl.processAnnotated(InjectorImpl.java:970)
	at org.eclipse.e4.core.internal.di.InjectorImpl.internalInject(InjectorImpl.java:137)
	at org.eclipse.e4.core.internal.di.InjectorImpl.internalMake(InjectorImpl.java:412)
	at org.eclipse.e4.core.internal.di.InjectorImpl.make(InjectorImpl.java:331)
	at org.eclipse.e4.core.contexts.ContextInjectionFactory.make(ContextInjectionFactory.java:190)
	at org.eclipse.e4.ui.internal.workbench.ReflectionContributionFactory.createFromBundle(ReflectionContributionFactory.java:105)
	at org.eclipse.e4.ui.internal.workbench.ReflectionContributionFactory.doCreate(ReflectionContributionFactory.java:74)
	at org.eclipse.e4.ui.internal.workbench.ReflectionContributionFactory.create(ReflectionContributionFactory.java:56)
	at org.eclipse.e4.ui.workbench.renderers.swt.ContributedPartRenderer.createWidget(ContributedPartRenderer.java:129)
	at org.eclipse.e4.ui.internal.workbench.swt.PartRenderingEngine.createWidget(PartRenderingEngine.java:1012)
	at org.eclipse.e4.ui.internal.workbench.swt.PartRenderingEngine.safeCreateGui(PartRenderingEngine.java:672)
	at org.eclipse.e4.ui.internal.workbench.swt.PartRenderingEngine.safeCreateGui(PartRenderingEngine.java:778)
	at org.eclipse.e4.ui.internal.workbench.swt.PartRenderingEngine.access$0(PartRenderingEngine.java:749)
	at org.eclipse.e4.ui.internal.workbench.swt.PartRenderingEngine$2.run(PartRenderingEngine.java:743)
	at org.eclipse.core.runtime.SafeRunner.run(SafeRunner.java:42)
	at org.eclipse.e4.ui.internal.workbench.swt.PartRenderingEngine.createGui(PartRenderingEngine.java:727)
	at org.eclipse.e4.ui.workbench.renderers.swt.StackRenderer.showTab(StackRenderer.java:1277)
	at org.eclipse.e4.ui.workbench.renderers.swt.LazyStackRenderer.postProcess(LazyStackRenderer.java:102)
	at org.eclipse.e4.ui.internal.workbench.swt.PartRenderingEngine.safeCreateGui(PartRenderingEngine.java:690)
	at org.eclipse.e4.ui.internal.workbench.swt.PartRenderingEngine.safeCreateGui(PartRenderingEngine.java:778)
	at org.eclipse.e4.ui.internal.workbench.swt.PartRenderingEngine.access$0(PartRenderingEngine.java:749)
	at org.eclipse.e4.ui.internal.workbench.swt.PartRenderingEngine$2.run(PartRenderingEngine.java:743)
	at org.eclipse.core.runtime.SafeRunner.run(SafeRunner.java:42)
	at org.eclipse.e4.ui.internal.workbench.swt.PartRenderingEngine.createGui(PartRenderingEngine.java:727)
	at org.eclipse.e4.ui.workbench.renderers.swt.SWTPartRenderer.processContents(SWTPartRenderer.java:70)
	at org.eclipse.e4.ui.internal.workbench.swt.PartRenderingEngine.safeCreateGui(PartRenderingEngine.java:686)
	at org.eclipse.e4.ui.internal.workbench.swt.PartRenderingEngine$1.run(PartRenderingEngine.java:557)
	at org.eclipse.core.runtime.SafeRunner.run(SafeRunner.java:42)
	at org.eclipse.e4.ui.internal.workbench.swt.PartRenderingEngine.createGui(PartRenderingEngine.java:541)
	at org.eclipse.e4.ui.workbench.renderers.swt.ElementReferenceRenderer.createWidget(ElementReferenceRenderer.java:70)
	at org.eclipse.e4.ui.internal.workbench.swt.PartRenderingEngine.createWidget(PartRenderingEngine.java:1012)
	at org.eclipse.e4.ui.internal.workbench.swt.PartRenderingEngine.safeCreateGui(PartRenderingEngine.java:672)
	at org.eclipse.e4.ui.internal.workbench.swt.PartRenderingEngine.safeCreateGui(PartRenderingEngine.java:778)
	at org.eclipse.e4.ui.internal.workbench.swt.PartRenderingEngine.access$0(PartRenderingEngine.java:749)
	at org.eclipse.e4.ui.internal.workbench.swt.PartRenderingEngine$2.run(PartRenderingEngine.java:743)
	at org.eclipse.core.runtime.SafeRunner.run(SafeRunner.java:42)
	at org.eclipse.e4.ui.internal.workbench.swt.PartRenderingEngine.createGui(PartRenderingEngine.java:727)
	at org.eclipse.e4.ui.workbench.renderers.swt.SWTPartRenderer.processContents(SWTPartRenderer.java:70)
	at org.eclipse.e4.ui.workbench.renderers.swt.SashRenderer.processContents(SashRenderer.java:137)
	at org.eclipse.e4.ui.internal.workbench.swt.PartRenderingEngine.safeCreateGui(PartRenderingEngine.java:686)
	at org.eclipse.e4.ui.internal.workbench.swt.PartRenderingEngine.safeCreateGui(PartRenderingEngine.java:778)
	at org.eclipse.e4.ui.internal.workbench.swt.PartRenderingEngine.access$0(PartRenderingEngine.java:749)
	at org.eclipse.e4.ui.internal.workbench.swt.PartRenderingEngine$2.run(PartRenderingEngine.java:743)
	at org.eclipse.core.runtime.SafeRunner.run(SafeRunner.java:42)
	at org.eclipse.e4.ui.internal.workbench.swt.PartRenderingEngine.createGui(PartRenderingEngine.java:727)
	at org.eclipse.e4.ui.workbench.renderers.swt.SWTPartRenderer.processContents(SWTPartRenderer.java:70)
	at org.eclipse.e4.ui.workbench.renderers.swt.SashRenderer.processContents(SashRenderer.java:137)
	at org.eclipse.e4.ui.internal.workbench.swt.PartRenderingEngine.safeCreateGui(PartRenderingEngine.java:686)
	at org.eclipse.e4.ui.internal.workbench.swt.PartRenderingEngine.safeCreateGui(PartRenderingEngine.java:778)
	at org.eclipse.e4.ui.internal.workbench.swt.PartRenderingEngine.access$0(PartRenderingEngine.java:749)
	at org.eclipse.e4.ui.internal.workbench.swt.PartRenderingEngine$2.run(PartRenderingEngine.java:743)
	at org.eclipse.core.runtime.SafeRunner.run(SafeRunner.java:42)
	at org.eclipse.e4.ui.internal.workbench.swt.PartRenderingEngine.createGui(PartRenderingEngine.java:727)
	at org.eclipse.e4.ui.workbench.renderers.swt.SWTPartRenderer.processContents(SWTPartRenderer.java:70)
	at org.eclipse.e4.ui.workbench.renderers.swt.SashRenderer.processContents(SashRenderer.java:137)
	at org.eclipse.e4.ui.internal.workbench.swt.PartRenderingEngine.safeCreateGui(PartRenderingEngine.java:686)
	at org.eclipse.e4.ui.internal.workbench.swt.PartRenderingEngine.safeCreateGui(PartRenderingEngine.java:778)
	at org.eclipse.e4.ui.internal.workbench.swt.PartRenderingEngine.access$0(PartRenderingEngine.java:749)
	at org.eclipse.e4.ui.internal.workbench.swt.PartRenderingEngine$2.run(PartRenderingEngine.java:743)
	at org.eclipse.core.runtime.SafeRunner.run(SafeRunner.java:42)
	at org.eclipse.e4.ui.internal.workbench.swt.PartRenderingEngine.createGui(PartRenderingEngine.java:727)
	at org.eclipse.e4.ui.workbench.renderers.swt.SWTPartRenderer.processContents(SWTPartRenderer.java:70)
	at org.eclipse.e4.ui.workbench.renderers.swt.PerspectiveRenderer.processContents(PerspectiveRenderer.java:48)
	at org.eclipse.e4.ui.internal.workbench.swt.PartRenderingEngine.safeCreateGui(PartRenderingEngine.java:686)
	at org.eclipse.e4.ui.internal.workbench.swt.PartRenderingEngine.safeCreateGui(PartRenderingEngine.java:778)
	at org.eclipse.e4.ui.internal.workbench.swt.PartRenderingEngine.access$0(PartRenderingEngine.java:749)
	at org.eclipse.e4.ui.internal.workbench.swt.PartRenderingEngine$2.run(PartRenderingEngine.java:743)
	at org.eclipse.core.runtime.SafeRunner.run(SafeRunner.java:42)
	at org.eclipse.e4.ui.internal.workbench.swt.PartRenderingEngine.createGui(PartRenderingEngine.java:727)
	at org.eclipse.e4.ui.workbench.renderers.swt.PerspectiveStackRenderer.showTab(PerspectiveStackRenderer.java:79)
	at org.eclipse.e4.ui.workbench.renderers.swt.LazyStackRenderer.postProcess(LazyStackRenderer.java:102)
	at org.eclipse.e4.ui.workbench.renderers.swt.PerspectiveStackRenderer.postProcess(PerspectiveStackRenderer.java:61)
	at org.eclipse.e4.ui.internal.workbench.swt.PartRenderingEngine.safeCreateGui(PartRenderingEngine.java:690)
	at org.eclipse.e4.ui.internal.workbench.swt.PartRenderingEngine.safeCreateGui(PartRenderingEngine.java:778)
	at org.eclipse.e4.ui.internal.workbench.swt.PartRenderingEngine.access$0(PartRenderingEngine.java:749)
	at org.eclipse.e4.ui.internal.workbench.swt.PartRenderingEngine$2.run(PartRenderingEngine.java:743)
	at org.eclipse.core.runtime.SafeRunner.run(SafeRunner.java:42)
	at org.eclipse.e4.ui.internal.workbench.swt.PartRenderingEngine.createGui(PartRenderingEngine.java:727)
	at org.eclipse.e4.ui.workbench.renderers.swt.SWTPartRenderer.processContents(SWTPartRenderer.java:70)
	at org.eclipse.e4.ui.workbench.renderers.swt.SashRenderer.processContents(SashRenderer.java:137)
	at org.eclipse.e4.ui.internal.workbench.swt.PartRenderingEngine.safeCreateGui(PartRenderingEngine.java:686)
	at org.eclipse.e4.ui.internal.workbench.swt.PartRenderingEngine.safeCreateGui(PartRenderingEngine.java:778)
	at org.eclipse.e4.ui.internal.workbench.swt.PartRenderingEngine.access$0(PartRenderingEngine.java:749)
	at org.eclipse.e4.ui.internal.workbench.swt.PartRenderingEngine$2.run(PartRenderingEngine.java:743)
	at org.eclipse.core.runtime.SafeRunner.run(SafeRunner.java:42)
	at org.eclipse.e4.ui.internal.workbench.swt.PartRenderingEngine.createGui(PartRenderingEngine.java:727)
	at org.eclipse.e4.ui.workbench.renderers.swt.SWTPartRenderer.processContents(SWTPartRenderer.java:70)
	at org.eclipse.e4.ui.workbench.renderers.swt.WBWRenderer.processContents(WBWRenderer.java:700)
	at org.eclipse.e4.ui.internal.workbench.swt.PartRenderingEngine.safeCreateGui(PartRenderingEngine.java:686)
	at org.eclipse.e4.ui.internal.workbench.swt.PartRenderingEngine.safeCreateGui(PartRenderingEngine.java:778)
	at org.eclipse.e4.ui.internal.workbench.swt.PartRenderingEngine.access$0(PartRenderingEngine.java:749)
	at org.eclipse.e4.ui.internal.workbench.swt.PartRenderingEngine$2.run(PartRenderingEngine.java:743)
	at org.eclipse.core.runtime.SafeRunner.run(SafeRunner.java:42)
	at org.eclipse.e4.ui.internal.workbench.swt.PartRenderingEngine.createGui(PartRenderingEngine.java:727)
	at org.eclipse.e4.ui.internal.workbench.swt.PartRenderingEngine$5.run(PartRenderingEngine.java:1096)
	at org.eclipse.core.databinding.observable.Realm.runWithDefault(Realm.java:336)
	at org.eclipse.e4.ui.internal.workbench.swt.PartRenderingEngine.run(PartRenderingEngine.java:1059)
	at org.eclipse.e4.ui.internal.workbench.E4Workbench.createAndRunUI(E4Workbench.java:153)
	at org.eclipse.ui.internal.Workbench.lambda$3(Workbench.java:667)
	at org.eclipse.core.databinding.observable.Realm.runWithDefault(Realm.java:336)
	at org.eclipse.ui.internal.Workbench.createAndRunWorkbench(Workbench.java:597)
	at org.eclipse.ui.PlatformUI.createAndRunWorkbench(PlatformUI.java:148)
	at org.eclipse.ui.internal.ide.application.IDEApplication.start(IDEApplication.java:152)
	at org.eclipse.equinox.internal.app.EclipseAppHandle.run(EclipseAppHandle.java:196)
	at org.eclipse.core.runtime.internal.adaptor.EclipseAppLauncher.runApplication(EclipseAppLauncher.java:134)
	at org.eclipse.core.runtime.internal.adaptor.EclipseAppLauncher.start(EclipseAppLauncher.java:104)
	at org.eclipse.core.runtime.adaptor.EclipseStarter.run(EclipseStarter.java:388)
	at org.eclipse.core.runtime.adaptor.EclipseStarter.run(EclipseStarter.java:243)
	at sun.reflect.NativeMethodAccessorImpl.invoke0(Native Method)
	at sun.reflect.NativeMethodAccessorImpl.invoke(NativeMethodAccessorImpl.java:62)
	at sun.reflect.DelegatingMethodAccessorImpl.invoke(DelegatingMethodAccessorImpl.java:43)
	at java.lang.reflect.Method.invoke(Method.java:498)
	at org.eclipse.equinox.launcher.Main.invokeFramework(Main.java:656)
	at org.eclipse.equinox.launcher.Main.basicRun(Main.java:592)
	at org.eclipse.equinox.launcher.Main.run(Main.java:1498)
	at org.eclipse.equinox.launcher.Main.main(Main.java:1471)
20:16:04.816 [Background Thread-3 (Spring IDE/3.9.5)] DEBUG org.springframework.data.repository.config.RepositoryConfigurationDelegate - Spring Data JPA - Registering repository: pessoaRepository - Interface: com.tower.condominio.repository.PessoaRepository - Factory: org.springframework.data.jpa.repository.support.JpaRepositoryFactoryBean
20:16:04.832 [Background Thread-3 (Spring IDE/3.9.5)] DEBUG org.springframework.data.repository.config.RepositoryConfigurationDelegate - Spring Data JPA - Registering repository: blocoRepository - Interface: com.tower.condominio.repository.BlocoRepository - Factory: org.springframework.data.jpa.repository.support.JpaRepositoryFactoryBean
20:16:04.836 [Background Thread-3 (Spring IDE/3.9.5)] DEBUG org.springframework.data.repository.config.RepositoryConfigurationDelegate - Spring Data JPA - Registering repository: enderecoRepository - Interface: com.tower.condominio.repository.EnderecoRepository - Factory: org.springframework.data.jpa.repository.support.JpaRepositoryFactoryBean
20:16:04.840 [Background Thread-3 (Spring IDE/3.9.5)] DEBUG org.springframework.data.repository.config.RepositoryConfigurationDelegate - Spring Data JPA - Registering repository: apartamentoRepository - Interface: com.tower.condominio.repository.ApartamentoRepository - Factory: org.springframework.data.jpa.repository.support.JpaRepositoryFactoryBean
20:16:04.845 [Background Thread-3 (Spring IDE/3.9.5)] DEBUG org.springframework.data.repository.config.RepositoryConfigurationDelegate - Spring Data JPA - Registering repository: moradorRepository - Interface: com.tower.condominio.repository.MoradorRepository - Factory: org.springframework.data.jpa.repository.support.JpaRepositoryFactoryBean
20:16:04.851 [Background Thread-3 (Spring IDE/3.9.5)] DEBUG org.springframework.data.repository.config.RepositoryConfigurationDelegate - Spring Data JPA - Registering repository: condominioRepository - Interface: com.tower.condominio.repository.CondominioRepository - Factory: org.springframework.data.jpa.repository.support.JpaRepositoryFactoryBean
20:16:04.855 [Background Thread-3 (Spring IDE/3.9.5)] DEBUG org.springframework.data.repository.config.RepositoryConfigurationDelegate - Spring Data JPA - Registering repository: patoRepository - Interface: com.tower.condominio.repository.PatoRepository - Factory: org.springframework.data.jpa.repository.support.JpaRepositoryFactoryBean
20:16:04.859 [Background Thread-3 (Spring IDE/3.9.5)] DEBUG org.springframework.data.repository.config.RepositoryConfigurationDelegate - Spring Data JPA - Registering repository: contatoRepository - Interface: com.tower.condominio.repository.ContatoRepository - Factory: org.springframework.data.jpa.repository.support.JpaRepositoryFactoryBean
Error sending IPC message: Pipe quebrado
Error sending IPC message: Pipe quebrado
Error sending IPC message: Pipe quebrado
Error sending IPC message: Pipe quebrado
Memory pressure relief: Total: res = 9437184/9379840/-57344, res+swap = 5795840/5677056/-118784
Memory pressure relief: Total: res = 9367552/9363456/-4096, res+swap = 5668864/5660672/-8192
Memory pressure relief: Total: res = 9355264/9355264/0, res+swap = 5652480/5652480/0
Memory pressure relief: Total: res = 9355264/9355264/0, res+swap = 5652480/5652480/0
Memory pressure relief: Total: res = 9859072/9707520/-151552, res+swap = 6156288/6205440/49152
Memory pressure relief: Total: res = 9875456/9715712/-159744, res+swap = 6193152/6012928/-180224
Memory pressure relief: Total: res = 9859072/9736192/-122880, res+swap = 6160384/6033408/-126976
Memory pressure relief: Total: res = 9973760/9781248/-192512, res+swap = 6270976/6078464/-192512
Memory pressure relief: Total: res = 10342400/10039296/-303104, res+swap = 6643712/6340608/-303104
Memory pressure relief: Total: res = 10309632/9940992/-368640, res+swap = 6615040/6246400/-368640
Memory pressure relief: Total: res = 9920512/9920512/0, res+swap = 6225920/6422528/196608
Memory pressure relief: Total: res = 10080256/9912320/-167936, res+swap = 6385664/6217728/-167936
Memory pressure relief: Total: res = 9891840/9895936/4096, res+swap = 6197248/6201344/4096
Memory pressure relief: Total: res = 9990144/9908224/-81920, res+swap = 6311936/6230016/-81920
Memory pressure relief: Total: res = 10108928/9928704/-180224, res+swap = 6418432/6238208/-180224
Memory pressure relief: Total: res = 9916416/9912320/-4096, res+swap = 6225920/6221824/-4096
Memory pressure relief: Total: res = 9912320/9912320/0, res+swap = 6221824/6221824/0
Memory pressure relief: Total: res = 10027008/9887744/-139264, res+swap = 6332416/6377472/45056
Memory pressure relief: Total: res = 10084352/9998336/-86016, res+swap = 6397952/6311936/-86016
Memory pressure relief: Total: res = 9994240/9990144/-4096, res+swap = 6307840/6303744/-4096
Memory pressure relief: Total: res = 9945088/9928704/-16384, res+swap = 6311936/6242304/-69632
Memory pressure relief: Total: res = 10186752/10051584/-135168, res+swap = 6524928/6389760/-135168
Memory pressure relief: Total: res = 10190848/9990144/-200704, res+swap = 6541312/6340608/-200704
Memory pressure relief: Total: res = 10555392/10166272/-389120, res+swap = 6877184/6479872/-397312
Memory pressure relief: Total: res = 10403840/10227712/-176128, res+swap = 6733824/6541312/-192512
Memory pressure relief: Total: res = 10211328/10211328/0, res+swap = 6524928/6524928/0
Memory pressure relief: Total: res = 10567680/10231808/-335872, res+swap = 6889472/6553600/-335872
Memory pressure relief: Total: res = 10321920/10149888/-172032, res+swap = 6639616/6463488/-176128
Memory pressure relief: Total: res = 11071488/10379264/-692224, res+swap = 7385088/6692864/-692224
Memory pressure relief: Total: res = 10555392/10260480/-294912, res+swap = 6873088/6578176/-294912
Memory pressure relief: Total: res = 10326016/10190848/-135168, res+swap = 6639616/6504448/-135168
Memory pressure relief: Total: res = 10428416/10297344/-131072, res+swap = 6766592/6631424/-135168
Memory pressure relief: Total: res = 10567680/10289152/-278528, res+swap = 6918144/6832128/-86016
Memory pressure relief: Total: res = 10211328/10211328/0, res+swap = 6561792/6561792/0
Memory pressure relief: Total: res = 10424320/10338304/-86016, res+swap = 6750208/6656000/-94208
Memory pressure relief: Total: res = 10526720/10420224/-106496, res+swap = 6852608/6733824/-118784
Memory pressure relief: Total: res = 10395648/10399744/4096, res+swap = 6713344/6717440/4096
Memory pressure relief: Total: res = 10399744/10407936/8192, res+swap = 6721536/6918144/196608
Memory pressure relief: Total: res = 10407936/10407936/0, res+swap = 6721536/6721536/0
Memory pressure relief: Total: res = 10723328/10457088/-266240, res+swap = 7049216/6782976/-266240
Memory pressure relief: Total: res = 10420224/10424320/4096, res+swap = 6750208/6750208/0
Memory pressure relief: Total: res = 10678272/10498048/-180224, res+swap = 6995968/6815744/-180224
Memory pressure relief: Total: res = 10477568/10444800/-32768, res+swap = 6832128/6762496/-69632
Memory pressure relief: Total: res = 10645504/10473472/-172032, res+swap = 6971392/6795264/-176128
Memory pressure relief: Total: res = 10448896/10448896/0, res+swap = 6770688/6770688/0
Memory pressure relief: Total: res = 10448896/10448896/0, res+swap = 6770688/6770688/0
Memory pressure relief: Total: res = 10432512/10436608/4096, res+swap = 6758400/6758400/0
Memory pressure relief: Total: res = 10436608/10444800/8192, res+swap = 6766592/6963200/196608
Memory pressure relief: Total: res = 10444800/10444800/0, res+swap = 6766592/6766592/0
Memory pressure relief: Total: res = 10444800/10444800/0, res+swap = 6766592/6766592/0
Memory pressure relief: Total: res = 10444800/10448896/4096, res+swap = 6770688/6770688/0
Memory pressure relief: Total: res = 10448896/10448896/0, res+swap = 6770688/6770688/0
Memory pressure relief: Total: res = 10440704/10440704/0, res+swap = 6762496/6766592/4096
Memory pressure relief: Total: res = 10440704/10444800/4096, res+swap = 6766592/6766592/0
Memory pressure relief: Total: res = 10444800/10448896/4096, res+swap = 6770688/6770688/0
Memory pressure relief: Total: res = 10633216/10612736/-20480, res+swap = 7016448/7122944/106496
Memory pressure relief: Total: res = 10588160/10588160/0, res+swap = 6909952/6909952/0
Memory pressure relief: Total: res = 10588160/10588160/0, res+swap = 6909952/6909952/0
Memory pressure relief: Total: res = 10588160/10592256/4096, res+swap = 6914048/6914048/0
Memory pressure relief: Total: res = 10592256/10592256/0, res+swap = 6914048/6914048/0
Memory pressure relief: Total: res = 10592256/10592256/0, res+swap = 6914048/6914048/0
Memory pressure relief: Total: res = 10592256/10596352/4096, res+swap = 6922240/6922240/0
Memory pressure relief: Total: res = 10596352/10596352/0, res+swap = 6922240/6922240/0
Memory pressure relief: Total: res = 10596352/10600448/4096, res+swap = 6922240/6922240/0
Memory pressure relief: Total: res = 10600448/10604544/4096, res+swap = 6926336/6926336/0
Memory pressure relief: Total: res = 10604544/10604544/0, res+swap = 6926336/6926336/0
Memory pressure relief: Total: res = 10604544/10604544/0, res+swap = 6926336/6926336/0
Memory pressure relief: Total: res = 10604544/10612736/8192, res+swap = 6930432/6934528/4096
Memory pressure relief: Total: res = 10612736/10612736/0, res+swap = 6934528/6934528/0
Memory pressure relief: Total: res = 10612736/10612736/0, res+swap = 6934528/6934528/0
Memory pressure relief: Total: res = 10612736/10616832/4096, res+swap = 6938624/6938624/0
Memory pressure relief: Total: res = 10616832/10616832/0, res+swap = 6942720/6942720/0
Memory pressure relief: Total: res = 2174976/2179072/4096, res+swap = 2486272/2486272/0
Memory pressure relief: Total: res = 1974272/1986560/12288, res+swap = 2289664/2289664/0
Memory pressure relief: Total: res = 1986560/2228224/241664, res+swap = 2314240/2809856/495616
Memory pressure relief: Total: res = 2379776/2387968/8192, res+swap = 2633728/2633728/0
Memory pressure relief: Total: res = 2387968/2396160/8192, res+swap = 2641920/2641920/0
Memory pressure relief: Total: res = 2396160/2486272/90112, res+swap = 2719744/2719744/0
Memory pressure relief: Total: res = 2203648/2203648/0, res+swap = 2441216/2441216/0
Memory pressure relief: Total: res = 1875968/1884160/8192, res+swap = 2117632/2121728/4096
Memory pressure relief: Total: res = 1687552/1687552/0, res+swap = 1925120/1925120/0
Memory pressure relief: Total: res = 1687552/1691648/4096, res+swap = 1925120/1925120/0
Memory pressure relief: Total: res = 1691648/1695744/4096, res+swap = 1929216/1929216/0
Memory pressure relief: Total: res = 1695744/1695744/0, res+swap = 1929216/1933312/4096
Memory pressure relief: Total: res = 1695744/1703936/8192, res+swap = 1937408/1937408/0
Memory pressure relief: Total: res = 1703936/1712128/8192, res+swap = 1945600/1945600/0
Memory pressure relief: Total: res = 1712128/1712128/0, res+swap = 1945600/1945600/0
Memory pressure relief: Total: res = 1712128/1712128/0, res+swap = 1945600/1945600/0
Memory pressure relief: Total: res = 1712128/1720320/8192, res+swap = 1953792/1953792/0
Memory pressure relief: Total: res = 1720320/1728512/8192, res+swap = 1961984/1961984/0
Memory pressure relief: Total: res = 1728512/1728512/0, res+swap = 1961984/1961984/0
Memory pressure relief: Total: res = 1728512/1732608/4096, res+swap = 1966080/1966080/0
Memory pressure relief: Total: res = 1732608/1732608/0, res+swap = 1966080/1966080/0
Memory pressure relief: Total: res = 1736704/1736704/0, res+swap = 1970176/1970176/0
Memory pressure relief: Total: res = 1736704/1740800/4096, res+swap = 1974272/1974272/0
Memory pressure relief: Total: res = 1740800/1740800/0, res+swap = 1974272/1974272/0
Memory pressure relief: Total: res = 1736704/1736704/0, res+swap = 1970176/1970176/0
Memory pressure relief: Total: res = 1736704/1740800/4096, res+swap = 1974272/1974272/0
Memory pressure relief: Total: res = 1740800/1740800/0, res+swap = 1974272/1974272/0
Memory pressure relief: Total: res = 1740800/1740800/0, res+swap = 1974272/1978368/4096
Memory pressure relief: Total: res = 1740800/1748992/8192, res+swap = 1982464/1982464/0
Memory pressure relief: Total: res = 1748992/1748992/0, res+swap = 1982464/1982464/0
Memory pressure relief: Total: res = 1748992/1679360/-69632, res+swap = 2031616/1953792/-77824
Memory pressure relief: Total: res = 1687552/1687552/0, res+swap = 1957888/1957888/0
Memory pressure relief: Total: res = 1687552/1691648/4096, res+swap = 1961984/1961984/0
Memory pressure relief: Total: res = 1691648/1691648/0, res+swap = 1961984/1961984/0
Memory pressure relief: Total: res = 1691648/1691648/0, res+swap = 1961984/1961984/0
Memory pressure relief: Total: res = 1691648/1699840/8192, res+swap = 1966080/1970176/4096
Memory pressure relief: Total: res = 1699840/1699840/0, res+swap = 1970176/1970176/0
Memory pressure relief: Total: res = 1699840/1699840/0, res+swap = 1970176/1970176/0
